
> production-project@1.0.0 storybook:build
> storybook build -c ./config/storybook --output-dir=/var/folders/9k/45kj515946l_4fd7gf2jsvfr0000gn/T/chromatic--11986-krbZaShk74IG

[1m@storybook/core v8.6.12
[22m
info => Cleaning outputDir: [36m../../../../../var/folders/9k/45kj515946l_4fd7gf2jsvfr0000gn/T/chromatic--11986-krbZaShk74IG[39m
info => Loading presets
info => Building manager..
info => Manager built ([38;2;181;126;229m210 ms[39m)
info => Building preview..
info Addon-docs: using MDX3
info Addon-docs: using MDX3
info => Using implicit CSS loaders
info => Loading custom Webpack config (full-control mode).
info => Copying static files: [36mpublic[39m at [36m../../../../../var/folders/9k/45kj515946l_4fd7gf2jsvfr0000gn/T/chromatic--11986-krbZaShk74IG[39m
info Using tsconfig paths for react-docgen
WARN asset size limit: The following asset(s) exceed the recommended size limit (244 KiB).
WARN This can impact web performance.
WARN Assets: 
WARN   735.ed85c7e0.iframe.bundle.js (365 KiB)
WARN   563.ca2df511.iframe.bundle.js (1.47 MiB)
WARN   878.7f52d6d2.iframe.bundle.js (973 KiB)
WARN entrypoint size limit: The following entrypoint(s) combined asset size exceeds the recommended limit (244 KiB). This can impact web performance.
WARN Entrypoints:
WARN   main (1.49 MiB)
WARN       runtime~main.815bab6e.iframe.bundle.js
WARN       563.ca2df511.iframe.bundle.js
WARN       main.7594620d.iframe.bundle.js
WARN 
info => Preview built ([38;2;181;126;229m7.63 s[39m)
info => Output directory: /var/folders/9k/45kj515946l_4fd7gf2jsvfr0000gn/T/chromatic--11986-krbZaShk74IG
